<?xml version="1.0" encoding="UTF-8"?>
<!-- Generated by org.testng.reporters.JUnitReportReporter -->
<testsuite hostname="P5-GL2GH92" name="com.accenture.testing.selenium.BookTicketTest" tests="1" failures="0" timestamp="25 Jun 2018 11:25:53 GMT" time="9.881" errors="0">
  <testcase name="login" time="9.881" classname="com.accenture.testing.selenium.BookTicketTest"/>
</testsuite> <!-- com.accenture.testing.selenium.BookTicketTest -->
